Performing C SOURCE FILE Test CMAKE_HAVE_LIBC_PTHREAD failed with the following output:
Change Dir: /Rover_2022_2023/software/ros_packages/build/rover_arm/CMakeFiles/CMakeTmp

Run Build Command(s):/usr/bin/make cmTC_76d15/fast && /usr/bin/make -f CMakeFiles/cmTC_76d15.dir/build.make CMakeFiles/cmTC_76d15.dir/build
make[1]: Entering directory '/Rover_2022_2023/software/ros_packages/build/rover_arm/CMakeFiles/CMakeTmp'
Building C object CMakeFiles/cmTC_76d15.dir/src.c.o
/usr/bin/cc   -DCMAKE_HAVE_LIBC_PTHREAD   -o CMakeFiles/cmTC_76d15.dir/src.c.o   -c /Rover_2022_2023/software/ros_packages/build/rover_arm/CMakeFiles/CMakeTmp/src.c
Linking C executable cmTC_76d15
/usr/bin/cmake -E cmake_link_script CMakeFiles/cmTC_76d15.dir/link.txt --verbose=1
/usr/bin/cc  -DCMAKE_HAVE_LIBC_PTHREAD    CMakeFiles/cmTC_76d15.dir/src.c.o  -o cmTC_76d15 
/usr/bin/ld: CMakeFiles/cmTC_76d15.dir/src.c.o: in function `main':
src.c:(.text+0x46): undefined reference to `pthread_create'
/usr/bin/ld: src.c:(.text+0x52): undefined reference to `pthread_detach'
/usr/bin/ld: src.c:(.text+0x63): undefined reference to `pthread_join'
collect2: error: ld returned 1 exit status
make[1]: *** [CMakeFiles/cmTC_76d15.dir/build.make:87: cmTC_76d15] Error 1
make[1]: Leaving directory '/Rover_2022_2023/software/ros_packages/build/rover_arm/CMakeFiles/CMakeTmp'
make: *** [Makefile:121: cmTC_76d15/fast] Error 2


Source file was:
#include <pthread.h>

void* test_func(void* data)
{
  return data;
}

int main(void)
{
  pthread_t thread;
  pthread_create(&thread, NULL, test_func, NULL);
  pthread_detach(thread);
  pthread_join(thread, NULL);
  pthread_atfork(NULL, NULL, NULL);
  pthread_exit(NULL);

  return 0;
}

Determining if the function pthread_create exists in the pthreads failed with the following output:
Change Dir: /Rover_2022_2023/software/ros_packages/build/rover_arm/CMakeFiles/CMakeTmp

Run Build Command(s):/usr/bin/make cmTC_89b33/fast && /usr/bin/make -f CMakeFiles/cmTC_89b33.dir/build.make CMakeFiles/cmTC_89b33.dir/build
make[1]: Entering directory '/Rover_2022_2023/software/ros_packages/build/rover_arm/CMakeFiles/CMakeTmp'
Building C object CMakeFiles/cmTC_89b33.dir/CheckFunctionExists.c.o
/usr/bin/cc   -DCHECK_FUNCTION_EXISTS=pthread_create   -o CMakeFiles/cmTC_89b33.dir/CheckFunctionExists.c.o   -c /usr/share/cmake-3.16/Modules/CheckFunctionExists.c
Linking C executable cmTC_89b33
/usr/bin/cmake -E cmake_link_script CMakeFiles/cmTC_89b33.dir/link.txt --verbose=1
/usr/bin/cc  -DCHECK_FUNCTION_EXISTS=pthread_create    CMakeFiles/cmTC_89b33.dir/CheckFunctionExists.c.o  -o cmTC_89b33  -lpthreads 
/usr/bin/ld: cannot find -lpthreads
collect2: error: ld returned 1 exit status
make[1]: *** [CMakeFiles/cmTC_89b33.dir/build.make:87: cmTC_89b33] Error 1
make[1]: Leaving directory '/Rover_2022_2023/software/ros_packages/build/rover_arm/CMakeFiles/CMakeTmp'
make: *** [Makefile:121: cmTC_89b33/fast] Error 2



